24-11-18 23:32:45.493 :   task: FBCNN-Gray-DoubleJPEG
  model: fbcnn
  gpu_ids: [0, 1]
  n_channels: 3
  merge_bn: False
  merge_bn_startpoint: 40000000
  path:[
    root: deblocking
    pretrained_netG: None
    task: deblocking\FBCNN-Gray-DoubleJPEG
    log: deblocking\FBCNN-Gray-DoubleJPEG
    options: deblocking\FBCNN-Gray-DoubleJPEG\options
    models: deblocking\FBCNN-Gray-DoubleJPEG\models
    images: deblocking\FBCNN-Gray-DoubleJPEG\images
  ]
  datasets:[
    train:[
      name: train_dataset
      dataset_type: jpeggraydouble
      dataroot_H: C:/Users/hathi/Desktop/FBCNN-main/trainsets/Data_DIV2K_Flickr2K
      dataroot_L: None
      H_size: 96
      dataloader_shuffle: True
      dataloader_num_workers: 16
      dataloader_batch_size: 128
      phase: train
      scale: 1
      n_channels: 3
    ]
    test:[
      name: test_dataset
      dataset_type: jpeg
      dataroot_H: C:/Users/hathi/Desktop/FBCNN-main/testsets/Classic5/origin
      dataroot_L: C:/Users/hathi/Desktop/FBCNN-main/testsets/Classic5/single/10
      phase: test
      scale: 1
      n_channels: 3
    ]
  ]
  netG:[
    net_type: fbcnn
    in_nc: 1
    out_nc: 1
    nc: [64, 128, 256, 512]
    nb: 4
    act_mode: BR
    upsample_mode: convtranspose
    downsample_mode: strideconv
    init_type: orthogonal
    init_bn_type: uniform
    init_gain: 0.2
    scale: 1
  ]
  train:[
    G_lossfn_type: l1
    G_lossfn_weight: 1.0
    QF_lossfn_type: l1
    QF_lossfn_weight: 0.001
    G_optimizer_type: adam
    G_optimizer_lr: 2e-05
    G_optimizer_clipgrad: None
    G_scheduler_type: MultiStepLR
    G_scheduler_milestones: [200000, 400000, 1200000, 1600000, 1800000]
    G_scheduler_gamma: 0.5
    G_regularizer_orthstep: None
    G_regularizer_clipstep: None
    checkpoint_test: 2500
    checkpoint_save: 5000
    checkpoint_print: 500
  ]
  opt_path: options/train_fbcnn_graydouble.json
  is_train: True
  scale: 1

24-11-18 23:32:45.494 : Random seed: 2534
24-11-18 23:32:45.502 : Number of train images: 801, iters: 7
24-11-18 23:32:46.891 : 
Networks name: FBCNN
Params number: 71938946
Net structure:
FBCNN(
  (m_head): Conv2d(1, 64, kernel_size=(3, 3), stride=(1, 1), padding=(1, 1))
  (m_down1): Sequential(
    (0): ResBlock(
      (res): Sequential(
        (0): Conv2d(64, 64, kernel_size=(3, 3), stride=(1, 1), padding=(1, 1))
        (1): BatchNorm2d(64, eps=0.0001, momentum=0.9, affine=True, track_running_stats=True)
        (2): ReLU(inplace=True)
        (3): Conv2d(64, 64, kernel_size=(3, 3), stride=(1, 1), padding=(1, 1))
      )
    )
    (1): ResBlock(
      (res): Sequential(
        (0): Conv2d(64, 64, kernel_size=(3, 3), stride=(1, 1), padding=(1, 1))
        (1): BatchNorm2d(64, eps=0.0001, momentum=0.9, affine=True, track_running_stats=True)
        (2): ReLU(inplace=True)
        (3): Conv2d(64, 64, kernel_size=(3, 3), stride=(1, 1), padding=(1, 1))
      )
    )
    (2): ResBlock(
      (res): Sequential(
        (0): Conv2d(64, 64, kernel_size=(3, 3), stride=(1, 1), padding=(1, 1))
        (1): BatchNorm2d(64, eps=0.0001, momentum=0.9, affine=True, track_running_stats=True)
        (2): ReLU(inplace=True)
        (3): Conv2d(64, 64, kernel_size=(3, 3), stride=(1, 1), padding=(1, 1))
      )
    )
    (3): ResBlock(
      (res): Sequential(
        (0): Conv2d(64, 64, kernel_size=(3, 3), stride=(1, 1), padding=(1, 1))
        (1): BatchNorm2d(64, eps=0.0001, momentum=0.9, affine=True, track_running_stats=True)
        (2): ReLU(inplace=True)
        (3): Conv2d(64, 64, kernel_size=(3, 3), stride=(1, 1), padding=(1, 1))
      )
    )
    (4): Conv2d(64, 128, kernel_size=(2, 2), stride=(2, 2))
  )
  (m_down2): Sequential(
    (0): ResBlock(
      (res): Sequential(
        (0): Conv2d(128, 128, kernel_size=(3, 3), stride=(1, 1), padding=(1, 1))
        (1): BatchNorm2d(128, eps=0.0001, momentum=0.9, affine=True, track_running_stats=True)
        (2): ReLU(inplace=True)
        (3): Conv2d(128, 128, kernel_size=(3, 3), stride=(1, 1), padding=(1, 1))
      )
    )
    (1): ResBlock(
      (res): Sequential(
        (0): Conv2d(128, 128, kernel_size=(3, 3), stride=(1, 1), padding=(1, 1))
        (1): BatchNorm2d(128, eps=0.0001, momentum=0.9, affine=True, track_running_stats=True)
        (2): ReLU(inplace=True)
        (3): Conv2d(128, 128, kernel_size=(3, 3), stride=(1, 1), padding=(1, 1))
      )
    )
    (2): ResBlock(
      (res): Sequential(
        (0): Conv2d(128, 128, kernel_size=(3, 3), stride=(1, 1), padding=(1, 1))
        (1): BatchNorm2d(128, eps=0.0001, momentum=0.9, affine=True, track_running_stats=True)
        (2): ReLU(inplace=True)
        (3): Conv2d(128, 128, kernel_size=(3, 3), stride=(1, 1), padding=(1, 1))
      )
    )
    (3): ResBlock(
      (res): Sequential(
        (0): Conv2d(128, 128, kernel_size=(3, 3), stride=(1, 1), padding=(1, 1))
        (1): BatchNorm2d(128, eps=0.0001, momentum=0.9, affine=True, track_running_stats=True)
        (2): ReLU(inplace=True)
        (3): Conv2d(128, 128, kernel_size=(3, 3), stride=(1, 1), padding=(1, 1))
      )
    )
    (4): Conv2d(128, 256, kernel_size=(2, 2), stride=(2, 2))
  )
  (m_down3): Sequential(
    (0): ResBlock(
      (res): Sequential(
        (0): Conv2d(256, 256, kernel_size=(3, 3), stride=(1, 1), padding=(1, 1))
        (1): BatchNorm2d(256, eps=0.0001, momentum=0.9, affine=True, track_running_stats=True)
        (2): ReLU(inplace=True)
        (3): Conv2d(256, 256, kernel_size=(3, 3), stride=(1, 1), padding=(1, 1))
      )
    )
    (1): ResBlock(
      (res): Sequential(
        (0): Conv2d(256, 256, kernel_size=(3, 3), stride=(1, 1), padding=(1, 1))
        (1): BatchNorm2d(256, eps=0.0001, momentum=0.9, affine=True, track_running_stats=True)
        (2): ReLU(inplace=True)
        (3): Conv2d(256, 256, kernel_size=(3, 3), stride=(1, 1), padding=(1, 1))
      )
    )
    (2): ResBlock(
      (res): Sequential(
        (0): Conv2d(256, 256, kernel_size=(3, 3), stride=(1, 1), padding=(1, 1))
        (1): BatchNorm2d(256, eps=0.0001, momentum=0.9, affine=True, track_running_stats=True)
        (2): ReLU(inplace=True)
        (3): Conv2d(256, 256, kernel_size=(3, 3), stride=(1, 1), padding=(1, 1))
      )
    )
    (3): ResBlock(
      (res): Sequential(
        (0): Conv2d(256, 256, kernel_size=(3, 3), stride=(1, 1), padding=(1, 1))
        (1): BatchNorm2d(256, eps=0.0001, momentum=0.9, affine=True, track_running_stats=True)
        (2): ReLU(inplace=True)
        (3): Conv2d(256, 256, kernel_size=(3, 3), stride=(1, 1), padding=(1, 1))
      )
    )
    (4): Conv2d(256, 512, kernel_size=(2, 2), stride=(2, 2))
  )
  (m_body_encoder): Sequential(
    (0): ResBlock(
      (res): Sequential(
        (0): Conv2d(512, 512, kernel_size=(3, 3), stride=(1, 1), padding=(1, 1))
        (1): BatchNorm2d(512, eps=0.0001, momentum=0.9, affine=True, track_running_stats=True)
        (2): ReLU(inplace=True)
        (3): Conv2d(512, 512, kernel_size=(3, 3), stride=(1, 1), padding=(1, 1))
      )
    )
    (1): ResBlock(
      (res): Sequential(
        (0): Conv2d(512, 512, kernel_size=(3, 3), stride=(1, 1), padding=(1, 1))
        (1): BatchNorm2d(512, eps=0.0001, momentum=0.9, affine=True, track_running_stats=True)
        (2): ReLU(inplace=True)
        (3): Conv2d(512, 512, kernel_size=(3, 3), stride=(1, 1), padding=(1, 1))
      )
    )
    (2): ResBlock(
      (res): Sequential(
        (0): Conv2d(512, 512, kernel_size=(3, 3), stride=(1, 1), padding=(1, 1))
        (1): BatchNorm2d(512, eps=0.0001, momentum=0.9, affine=True, track_running_stats=True)
        (2): ReLU(inplace=True)
        (3): Conv2d(512, 512, kernel_size=(3, 3), stride=(1, 1), padding=(1, 1))
      )
    )
    (3): ResBlock(
      (res): Sequential(
        (0): Conv2d(512, 512, kernel_size=(3, 3), stride=(1, 1), padding=(1, 1))
        (1): BatchNorm2d(512, eps=0.0001, momentum=0.9, affine=True, track_running_stats=True)
        (2): ReLU(inplace=True)
        (3): Conv2d(512, 512, kernel_size=(3, 3), stride=(1, 1), padding=(1, 1))
      )
    )
  )
  (m_body_decoder): Sequential(
    (0): ResBlock(
      (res): Sequential(
        (0): Conv2d(512, 512, kernel_size=(3, 3), stride=(1, 1), padding=(1, 1))
        (1): BatchNorm2d(512, eps=0.0001, momentum=0.9, affine=True, track_running_stats=True)
        (2): ReLU(inplace=True)
        (3): Conv2d(512, 512, kernel_size=(3, 3), stride=(1, 1), padding=(1, 1))
      )
    )
    (1): ResBlock(
      (res): Sequential(
        (0): Conv2d(512, 512, kernel_size=(3, 3), stride=(1, 1), padding=(1, 1))
        (1): BatchNorm2d(512, eps=0.0001, momentum=0.9, affine=True, track_running_stats=True)
        (2): ReLU(inplace=True)
        (3): Conv2d(512, 512, kernel_size=(3, 3), stride=(1, 1), padding=(1, 1))
      )
    )
    (2): ResBlock(
      (res): Sequential(
        (0): Conv2d(512, 512, kernel_size=(3, 3), stride=(1, 1), padding=(1, 1))
        (1): BatchNorm2d(512, eps=0.0001, momentum=0.9, affine=True, track_running_stats=True)
        (2): ReLU(inplace=True)
        (3): Conv2d(512, 512, kernel_size=(3, 3), stride=(1, 1), padding=(1, 1))
      )
    )
    (3): ResBlock(
      (res): Sequential(
        (0): Conv2d(512, 512, kernel_size=(3, 3), stride=(1, 1), padding=(1, 1))
        (1): BatchNorm2d(512, eps=0.0001, momentum=0.9, affine=True, track_running_stats=True)
        (2): ReLU(inplace=True)
        (3): Conv2d(512, 512, kernel_size=(3, 3), stride=(1, 1), padding=(1, 1))
      )
    )
  )
  (m_up3): ModuleList(
    (0): ConvTranspose2d(512, 256, kernel_size=(2, 2), stride=(2, 2))
    (1-4): 4 x QFAttention(
      (res): Sequential(
        (0): Conv2d(256, 256, kernel_size=(3, 3), stride=(1, 1), padding=(1, 1))
        (1): BatchNorm2d(256, eps=0.0001, momentum=0.9, affine=True, track_running_stats=True)
        (2): ReLU(inplace=True)
        (3): Conv2d(256, 256, kernel_size=(3, 3), stride=(1, 1), padding=(1, 1))
      )
    )
  )
  (m_up2): ModuleList(
    (0): ConvTranspose2d(256, 128, kernel_size=(2, 2), stride=(2, 2))
    (1-4): 4 x QFAttention(
      (res): Sequential(
        (0): Conv2d(128, 128, kernel_size=(3, 3), stride=(1, 1), padding=(1, 1))
        (1): BatchNorm2d(128, eps=0.0001, momentum=0.9, affine=True, track_running_stats=True)
        (2): ReLU(inplace=True)
        (3): Conv2d(128, 128, kernel_size=(3, 3), stride=(1, 1), padding=(1, 1))
      )
    )
  )
  (m_up1): ModuleList(
    (0): ConvTranspose2d(128, 64, kernel_size=(2, 2), stride=(2, 2))
    (1-4): 4 x QFAttention(
      (res): Sequential(
        (0): Conv2d(64, 64, kernel_size=(3, 3), stride=(1, 1), padding=(1, 1))
        (1): BatchNorm2d(64, eps=0.0001, momentum=0.9, affine=True, track_running_stats=True)
        (2): ReLU(inplace=True)
        (3): Conv2d(64, 64, kernel_size=(3, 3), stride=(1, 1), padding=(1, 1))
      )
    )
  )
  (m_tail): Conv2d(64, 1, kernel_size=(3, 3), stride=(1, 1), padding=(1, 1))
  (qf_pred): Sequential(
    (0): ResBlock(
      (res): Sequential(
        (0): Conv2d(512, 512, kernel_size=(3, 3), stride=(1, 1), padding=(1, 1))
        (1): BatchNorm2d(512, eps=0.0001, momentum=0.9, affine=True, track_running_stats=True)
        (2): ReLU(inplace=True)
        (3): Conv2d(512, 512, kernel_size=(3, 3), stride=(1, 1), padding=(1, 1))
      )
    )
    (1): ResBlock(
      (res): Sequential(
        (0): Conv2d(512, 512, kernel_size=(3, 3), stride=(1, 1), padding=(1, 1))
        (1): BatchNorm2d(512, eps=0.0001, momentum=0.9, affine=True, track_running_stats=True)
        (2): ReLU(inplace=True)
        (3): Conv2d(512, 512, kernel_size=(3, 3), stride=(1, 1), padding=(1, 1))
      )
    )
    (2): ResBlock(
      (res): Sequential(
        (0): Conv2d(512, 512, kernel_size=(3, 3), stride=(1, 1), padding=(1, 1))
        (1): BatchNorm2d(512, eps=0.0001, momentum=0.9, affine=True, track_running_stats=True)
        (2): ReLU(inplace=True)
        (3): Conv2d(512, 512, kernel_size=(3, 3), stride=(1, 1), padding=(1, 1))
      )
    )
    (3): ResBlock(
      (res): Sequential(
        (0): Conv2d(512, 512, kernel_size=(3, 3), stride=(1, 1), padding=(1, 1))
        (1): BatchNorm2d(512, eps=0.0001, momentum=0.9, affine=True, track_running_stats=True)
        (2): ReLU(inplace=True)
        (3): Conv2d(512, 512, kernel_size=(3, 3), stride=(1, 1), padding=(1, 1))
      )
    )
    (4): AdaptiveAvgPool2d(output_size=(1, 1))
    (5): Flatten(start_dim=1, end_dim=-1)
    (6): Linear(in_features=512, out_features=512, bias=True)
    (7): ReLU()
    (8): Linear(in_features=512, out_features=512, bias=True)
    (9): ReLU()
    (10): Linear(in_features=512, out_features=1, bias=True)
    (11): Sigmoid()
  )
  (qf_embed): Sequential(
    (0): Linear(in_features=1, out_features=512, bias=True)
    (1): ReLU()
    (2): Linear(in_features=512, out_features=512, bias=True)
    (3): ReLU()
    (4): Linear(in_features=512, out_features=512, bias=True)
    (5): ReLU()
  )
  (to_gamma_3): Sequential(
    (0): Linear(in_features=512, out_features=256, bias=True)
    (1): Sigmoid()
  )
  (to_beta_3): Sequential(
    (0): Linear(in_features=512, out_features=256, bias=True)
    (1): Tanh()
  )
  (to_gamma_2): Sequential(
    (0): Linear(in_features=512, out_features=128, bias=True)
    (1): Sigmoid()
  )
  (to_beta_2): Sequential(
    (0): Linear(in_features=512, out_features=128, bias=True)
    (1): Tanh()
  )
  (to_gamma_1): Sequential(
    (0): Linear(in_features=512, out_features=64, bias=True)
    (1): Sigmoid()
  )
  (to_beta_1): Sequential(
    (0): Linear(in_features=512, out_features=64, bias=True)
    (1): Tanh()
  )
)

24-11-18 23:32:47.236 : 
 |  mean  |  min   |  max   |  std   || param_name          
 |  0.001 | -0.066 |  0.081 |  0.025 || m_head.weight
 |  0.000 |  0.000 |  0.000 |  0.000 || m_head.bias
 | -0.000 | -0.032 |  0.036 |  0.008 || m_down1.0.res.0.weight
 |  0.000 |  0.000 |  0.000 |  0.000 || m_down1.0.res.0.bias
 |  0.559 |  0.110 |  0.993 |  0.272 || m_down1.0.res.1.weight
 |  0.000 |  0.000 |  0.000 |  0.000 || m_down1.0.res.1.bias
 |  0.000 |  0.000 |  0.000 |  0.000 || m_down1.0.res.1.running_mean
 |  1.000 |  1.000 |  1.000 |  0.000 || m_down1.0.res.1.running_var
 |  0.000 | -0.032 |  0.039 |  0.008 || m_down1.0.res.3.weight
 |  0.000 |  0.000 |  0.000 |  0.000 || m_down1.0.res.3.bias
 | -0.000 | -0.033 |  0.034 |  0.008 || m_down1.1.res.0.weight
 |  0.000 |  0.000 |  0.000 |  0.000 || m_down1.1.res.0.bias
 |  0.496 |  0.102 |  0.978 |  0.273 || m_down1.1.res.1.weight
 |  0.000 |  0.000 |  0.000 |  0.000 || m_down1.1.res.1.bias
 |  0.000 |  0.000 |  0.000 |  0.000 || m_down1.1.res.1.running_mean
 |  1.000 |  1.000 |  1.000 |  0.000 || m_down1.1.res.1.running_var
 | -0.000 | -0.034 |  0.035 |  0.008 || m_down1.1.res.3.weight
 |  0.000 |  0.000 |  0.000 |  0.000 || m_down1.1.res.3.bias
 | -0.000 | -0.033 |  0.034 |  0.008 || m_down1.2.res.0.weight
 |  0.000 |  0.000 |  0.000 |  0.000 || m_down1.2.res.0.bias
 |  0.501 |  0.122 |  0.980 |  0.254 || m_down1.2.res.1.weight
 |  0.000 |  0.000 |  0.000 |  0.000 || m_down1.2.res.1.bias
 |  0.000 |  0.000 |  0.000 |  0.000 || m_down1.2.res.1.running_mean
 |  1.000 |  1.000 |  1.000 |  0.000 || m_down1.2.res.1.running_var
 | -0.000 | -0.037 |  0.033 |  0.008 || m_down1.2.res.3.weight
 |  0.000 |  0.000 |  0.000 |  0.000 || m_down1.2.res.3.bias
 | -0.000 | -0.034 |  0.034 |  0.008 || m_down1.3.res.0.weight
 |  0.000 |  0.000 |  0.000 |  0.000 || m_down1.3.res.0.bias
 |  0.555 |  0.105 |  0.995 |  0.268 || m_down1.3.res.1.weight
 |  0.000 |  0.000 |  0.000 |  0.000 || m_down1.3.res.1.bias
 |  0.000 |  0.000 |  0.000 |  0.000 || m_down1.3.res.1.running_mean
 |  1.000 |  1.000 |  1.000 |  0.000 || m_down1.3.res.1.running_var
 |  0.000 | -0.032 |  0.037 |  0.008 || m_down1.3.res.3.weight
 |  0.000 |  0.000 |  0.000 |  0.000 || m_down1.3.res.3.bias
 | -0.000 | -0.057 |  0.047 |  0.013 || m_down1.4.weight
 |  0.000 |  0.000 |  0.000 |  0.000 || m_down1.4.bias
 | -0.000 | -0.026 |  0.026 |  0.006 || m_down2.0.res.0.weight
 |  0.000 |  0.000 |  0.000 |  0.000 || m_down2.0.res.0.bias
 |  0.582 |  0.100 |  0.994 |  0.263 || m_down2.0.res.1.weight
 |  0.000 |  0.000 |  0.000 |  0.000 || m_down2.0.res.1.bias
 |  0.000 |  0.000 |  0.000 |  0.000 || m_down2.0.res.1.running_mean
 |  1.000 |  1.000 |  1.000 |  0.000 || m_down2.0.res.1.running_var
 |  0.000 | -0.026 |  0.026 |  0.006 || m_down2.0.res.3.weight
 |  0.000 |  0.000 |  0.000 |  0.000 || m_down2.0.res.3.bias
 | -0.000 | -0.030 |  0.025 |  0.006 || m_down2.1.res.0.weight
 |  0.000 |  0.000 |  0.000 |  0.000 || m_down2.1.res.0.bias
 |  0.524 |  0.115 |  0.997 |  0.274 || m_down2.1.res.1.weight
 |  0.000 |  0.000 |  0.000 |  0.000 || m_down2.1.res.1.bias
 |  0.000 |  0.000 |  0.000 |  0.000 || m_down2.1.res.1.running_mean
 |  1.000 |  1.000 |  1.000 |  0.000 || m_down2.1.res.1.running_var
 | -0.000 | -0.024 |  0.030 |  0.006 || m_down2.1.res.3.weight
 |  0.000 |  0.000 |  0.000 |  0.000 || m_down2.1.res.3.bias
 |  0.000 | -0.027 |  0.025 |  0.006 || m_down2.2.res.0.weight
 |  0.000 |  0.000 |  0.000 |  0.000 || m_down2.2.res.0.bias
 |  0.576 |  0.121 |  0.999 |  0.266 || m_down2.2.res.1.weight
 |  0.000 |  0.000 |  0.000 |  0.000 || m_down2.2.res.1.bias
 |  0.000 |  0.000 |  0.000 |  0.000 || m_down2.2.res.1.running_mean
 |  1.000 |  1.000 |  1.000 |  0.000 || m_down2.2.res.1.running_var
 | -0.000 | -0.025 |  0.027 |  0.006 || m_down2.2.res.3.weight
 |  0.000 |  0.000 |  0.000 |  0.000 || m_down2.2.res.3.bias
 | -0.000 | -0.026 |  0.030 |  0.006 || m_down2.3.res.0.weight
 |  0.000 |  0.000 |  0.000 |  0.000 || m_down2.3.res.0.bias
 |  0.531 |  0.101 |  0.997 |  0.256 || m_down2.3.res.1.weight
 |  0.000 |  0.000 |  0.000 |  0.000 || m_down2.3.res.1.bias
 |  0.000 |  0.000 |  0.000 |  0.000 || m_down2.3.res.1.running_mean
 |  1.000 |  1.000 |  1.000 |  0.000 || m_down2.3.res.1.running_var
 | -0.000 | -0.025 |  0.025 |  0.006 || m_down2.3.res.3.weight
 |  0.000 |  0.000 |  0.000 |  0.000 || m_down2.3.res.3.bias
 | -0.000 | -0.042 |  0.037 |  0.009 || m_down2.4.weight
 |  0.000 |  0.000 |  0.000 |  0.000 || m_down2.4.bias
 |  0.000 | -0.019 |  0.019 |  0.004 || m_down3.0.res.0.weight
 |  0.000 |  0.000 |  0.000 |  0.000 || m_down3.0.res.0.bias
 |  0.535 |  0.102 |  0.999 |  0.263 || m_down3.0.res.1.weight
 |  0.000 |  0.000 |  0.000 |  0.000 || m_down3.0.res.1.bias
 |  0.000 |  0.000 |  0.000 |  0.000 || m_down3.0.res.1.running_mean
 |  1.000 |  1.000 |  1.000 |  0.000 || m_down3.0.res.1.running_var
 | -0.000 | -0.019 |  0.020 |  0.004 || m_down3.0.res.3.weight
 |  0.000 |  0.000 |  0.000 |  0.000 || m_down3.0.res.3.bias
 |  0.000 | -0.020 |  0.022 |  0.004 || m_down3.1.res.0.weight
 |  0.000 |  0.000 |  0.000 |  0.000 || m_down3.1.res.0.bias
 |  0.570 |  0.104 |  0.998 |  0.267 || m_down3.1.res.1.weight
 |  0.000 |  0.000 |  0.000 |  0.000 || m_down3.1.res.1.bias
 |  0.000 |  0.000 |  0.000 |  0.000 || m_down3.1.res.1.running_mean
 |  1.000 |  1.000 |  1.000 |  0.000 || m_down3.1.res.1.running_var
 | -0.000 | -0.019 |  0.020 |  0.004 || m_down3.1.res.3.weight
 |  0.000 |  0.000 |  0.000 |  0.000 || m_down3.1.res.3.bias
 |  0.000 | -0.022 |  0.020 |  0.004 || m_down3.2.res.0.weight
 |  0.000 |  0.000 |  0.000 |  0.000 || m_down3.2.res.0.bias
 |  0.552 |  0.105 |  0.997 |  0.252 || m_down3.2.res.1.weight
 |  0.000 |  0.000 |  0.000 |  0.000 || m_down3.2.res.1.bias
 |  0.000 |  0.000 |  0.000 |  0.000 || m_down3.2.res.1.running_mean
 |  1.000 |  1.000 |  1.000 |  0.000 || m_down3.2.res.1.running_var
 | -0.000 | -0.020 |  0.019 |  0.004 || m_down3.2.res.3.weight
 |  0.000 |  0.000 |  0.000 |  0.000 || m_down3.2.res.3.bias
 | -0.000 | -0.019 |  0.019 |  0.004 || m_down3.3.res.0.weight
 |  0.000 |  0.000 |  0.000 |  0.000 || m_down3.3.res.0.bias
 |  0.520 |  0.104 |  0.983 |  0.243 || m_down3.3.res.1.weight
 |  0.000 |  0.000 |  0.000 |  0.000 || m_down3.3.res.1.bias
 |  0.000 |  0.000 |  0.000 |  0.000 || m_down3.3.res.1.running_mean
 |  1.000 |  1.000 |  1.000 |  0.000 || m_down3.3.res.1.running_var
 | -0.000 | -0.019 |  0.020 |  0.004 || m_down3.3.res.3.weight
 |  0.000 |  0.000 |  0.000 |  0.000 || m_down3.3.res.3.bias
 | -0.000 | -0.029 |  0.031 |  0.006 || m_down3.4.weight
 |  0.000 |  0.000 |  0.000 |  0.000 || m_down3.4.bias
 | -0.000 | -0.015 |  0.014 |  0.003 || m_body_encoder.0.res.0.weight
 |  0.000 |  0.000 |  0.000 |  0.000 || m_body_encoder.0.res.0.bias
 |  0.538 |  0.102 |  0.997 |  0.263 || m_body_encoder.0.res.1.weight
 |  0.000 |  0.000 |  0.000 |  0.000 || m_body_encoder.0.res.1.bias
 |  0.000 |  0.000 |  0.000 |  0.000 || m_body_encoder.0.res.1.running_mean
 |  1.000 |  1.000 |  1.000 |  0.000 || m_body_encoder.0.res.1.running_var
 | -0.000 | -0.015 |  0.014 |  0.003 || m_body_encoder.0.res.3.weight
 |  0.000 |  0.000 |  0.000 |  0.000 || m_body_encoder.0.res.3.bias
 |  0.000 | -0.015 |  0.016 |  0.003 || m_body_encoder.1.res.0.weight
 |  0.000 |  0.000 |  0.000 |  0.000 || m_body_encoder.1.res.0.bias
 |  0.564 |  0.101 |  0.999 |  0.260 || m_body_encoder.1.res.1.weight
 |  0.000 |  0.000 |  0.000 |  0.000 || m_body_encoder.1.res.1.bias
 |  0.000 |  0.000 |  0.000 |  0.000 || m_body_encoder.1.res.1.running_mean
 |  1.000 |  1.000 |  1.000 |  0.000 || m_body_encoder.1.res.1.running_var
 |  0.000 | -0.014 |  0.014 |  0.003 || m_body_encoder.1.res.3.weight
 |  0.000 |  0.000 |  0.000 |  0.000 || m_body_encoder.1.res.3.bias
 |  0.000 | -0.016 |  0.015 |  0.003 || m_body_encoder.2.res.0.weight
 |  0.000 |  0.000 |  0.000 |  0.000 || m_body_encoder.2.res.0.bias
 |  0.565 |  0.101 |  0.998 |  0.261 || m_body_encoder.2.res.1.weight
 |  0.000 |  0.000 |  0.000 |  0.000 || m_body_encoder.2.res.1.bias
 |  0.000 |  0.000 |  0.000 |  0.000 || m_body_encoder.2.res.1.running_mean
 |  1.000 |  1.000 |  1.000 |  0.000 || m_body_encoder.2.res.1.running_var
 | -0.000 | -0.015 |  0.014 |  0.003 || m_body_encoder.2.res.3.weight
 |  0.000 |  0.000 |  0.000 |  0.000 || m_body_encoder.2.res.3.bias
 |  0.000 | -0.015 |  0.014 |  0.003 || m_body_encoder.3.res.0.weight
 |  0.000 |  0.000 |  0.000 |  0.000 || m_body_encoder.3.res.0.bias
 |  0.555 |  0.100 |  1.000 |  0.261 || m_body_encoder.3.res.1.weight
 |  0.000 |  0.000 |  0.000 |  0.000 || m_body_encoder.3.res.1.bias
 |  0.000 |  0.000 |  0.000 |  0.000 || m_body_encoder.3.res.1.running_mean
 |  1.000 |  1.000 |  1.000 |  0.000 || m_body_encoder.3.res.1.running_var
 |  0.000 | -0.014 |  0.015 |  0.003 || m_body_encoder.3.res.3.weight
 |  0.000 |  0.000 |  0.000 |  0.000 || m_body_encoder.3.res.3.bias
 |  0.000 | -0.015 |  0.015 |  0.003 || m_body_decoder.0.res.0.weight
 |  0.000 |  0.000 |  0.000 |  0.000 || m_body_decoder.0.res.0.bias
 |  0.535 |  0.100 |  0.997 |  0.261 || m_body_decoder.0.res.1.weight
 |  0.000 |  0.000 |  0.000 |  0.000 || m_body_decoder.0.res.1.bias
 |  0.000 |  0.000 |  0.000 |  0.000 || m_body_decoder.0.res.1.running_mean
 |  1.000 |  1.000 |  1.000 |  0.000 || m_body_decoder.0.res.1.running_var
 | -0.000 | -0.014 |  0.015 |  0.003 || m_body_decoder.0.res.3.weight
 |  0.000 |  0.000 |  0.000 |  0.000 || m_body_decoder.0.res.3.bias
 | -0.000 | -0.015 |  0.014 |  0.003 || m_body_decoder.1.res.0.weight
 |  0.000 |  0.000 |  0.000 |  0.000 || m_body_decoder.1.res.0.bias
 |  0.559 |  0.104 |  0.997 |  0.252 || m_body_decoder.1.res.1.weight
 |  0.000 |  0.000 |  0.000 |  0.000 || m_body_decoder.1.res.1.bias
 |  0.000 |  0.000 |  0.000 |  0.000 || m_body_decoder.1.res.1.running_mean
 |  1.000 |  1.000 |  1.000 |  0.000 || m_body_decoder.1.res.1.running_var
 |  0.000 | -0.015 |  0.015 |  0.003 || m_body_decoder.1.res.3.weight
 |  0.000 |  0.000 |  0.000 |  0.000 || m_body_decoder.1.res.3.bias
 | -0.000 | -0.014 |  0.015 |  0.003 || m_body_decoder.2.res.0.weight
 |  0.000 |  0.000 |  0.000 |  0.000 || m_body_decoder.2.res.0.bias
 |  0.563 |  0.103 |  1.000 |  0.258 || m_body_decoder.2.res.1.weight
 |  0.000 |  0.000 |  0.000 |  0.000 || m_body_decoder.2.res.1.bias
 |  0.000 |  0.000 |  0.000 |  0.000 || m_body_decoder.2.res.1.running_mean
 |  1.000 |  1.000 |  1.000 |  0.000 || m_body_decoder.2.res.1.running_var
 | -0.000 | -0.015 |  0.015 |  0.003 || m_body_decoder.2.res.3.weight
 |  0.000 |  0.000 |  0.000 |  0.000 || m_body_decoder.2.res.3.bias
 |  0.000 | -0.015 |  0.015 |  0.003 || m_body_decoder.3.res.0.weight
 |  0.000 |  0.000 |  0.000 |  0.000 || m_body_decoder.3.res.0.bias
 |  0.520 |  0.100 |  1.000 |  0.259 || m_body_decoder.3.res.1.weight
 |  0.000 |  0.000 |  0.000 |  0.000 || m_body_decoder.3.res.1.bias
 |  0.000 |  0.000 |  0.000 |  0.000 || m_body_decoder.3.res.1.running_mean
 |  1.000 |  1.000 |  1.000 |  0.000 || m_body_decoder.3.res.1.running_var
 | -0.000 | -0.014 |  0.016 |  0.003 || m_body_decoder.3.res.3.weight
 |  0.000 |  0.000 |  0.000 |  0.000 || m_body_decoder.3.res.3.bias
 |  0.000 | -0.030 |  0.028 |  0.006 || m_up3.0.weight
 |  0.000 |  0.000 |  0.000 |  0.000 || m_up3.0.bias
 |  0.000 | -0.019 |  0.021 |  0.004 || m_up3.1.res.0.weight
 |  0.000 |  0.000 |  0.000 |  0.000 || m_up3.1.res.0.bias
 |  0.591 |  0.105 |  0.999 |  0.264 || m_up3.1.res.1.weight
 |  0.000 |  0.000 |  0.000 |  0.000 || m_up3.1.res.1.bias
 |  0.000 |  0.000 |  0.000 |  0.000 || m_up3.1.res.1.running_mean
 |  1.000 |  1.000 |  1.000 |  0.000 || m_up3.1.res.1.running_var
 | -0.000 | -0.019 |  0.019 |  0.004 || m_up3.1.res.3.weight
 |  0.000 |  0.000 |  0.000 |  0.000 || m_up3.1.res.3.bias
 | -0.000 | -0.019 |  0.018 |  0.004 || m_up3.2.res.0.weight
 |  0.000 |  0.000 |  0.000 |  0.000 || m_up3.2.res.0.bias
 |  0.542 |  0.101 |  0.998 |  0.269 || m_up3.2.res.1.weight
 |  0.000 |  0.000 |  0.000 |  0.000 || m_up3.2.res.1.bias
 |  0.000 |  0.000 |  0.000 |  0.000 || m_up3.2.res.1.running_mean
 |  1.000 |  1.000 |  1.000 |  0.000 || m_up3.2.res.1.running_var
 | -0.000 | -0.018 |  0.019 |  0.004 || m_up3.2.res.3.weight
 |  0.000 |  0.000 |  0.000 |  0.000 || m_up3.2.res.3.bias
 |  0.000 | -0.020 |  0.020 |  0.004 || m_up3.3.res.0.weight
 |  0.000 |  0.000 |  0.000 |  0.000 || m_up3.3.res.0.bias
 |  0.547 |  0.102 |  0.999 |  0.265 || m_up3.3.res.1.weight
 |  0.000 |  0.000 |  0.000 |  0.000 || m_up3.3.res.1.bias
 |  0.000 |  0.000 |  0.000 |  0.000 || m_up3.3.res.1.running_mean
 |  1.000 |  1.000 |  1.000 |  0.000 || m_up3.3.res.1.running_var
 |  0.000 | -0.020 |  0.019 |  0.004 || m_up3.3.res.3.weight
 |  0.000 |  0.000 |  0.000 |  0.000 || m_up3.3.res.3.bias
 |  0.000 | -0.019 |  0.021 |  0.004 || m_up3.4.res.0.weight
 |  0.000 |  0.000 |  0.000 |  0.000 || m_up3.4.res.0.bias
 |  0.536 |  0.107 |  0.995 |  0.259 || m_up3.4.res.1.weight
 |  0.000 |  0.000 |  0.000 |  0.000 || m_up3.4.res.1.bias
 |  0.000 |  0.000 |  0.000 |  0.000 || m_up3.4.res.1.running_mean
 |  1.000 |  1.000 |  1.000 |  0.000 || m_up3.4.res.1.running_var
 | -0.000 | -0.021 |  0.023 |  0.004 || m_up3.4.res.3.weight
 |  0.000 |  0.000 |  0.000 |  0.000 || m_up3.4.res.3.bias
 | -0.000 | -0.037 |  0.036 |  0.009 || m_up2.0.weight
 |  0.000 |  0.000 |  0.000 |  0.000 || m_up2.0.bias
 | -0.000 | -0.027 |  0.025 |  0.006 || m_up2.1.res.0.weight
 |  0.000 |  0.000 |  0.000 |  0.000 || m_up2.1.res.0.bias
 |  0.534 |  0.118 |  0.981 |  0.251 || m_up2.1.res.1.weight
 |  0.000 |  0.000 |  0.000 |  0.000 || m_up2.1.res.1.bias
 |  0.000 |  0.000 |  0.000 |  0.000 || m_up2.1.res.1.running_mean
 |  1.000 |  1.000 |  1.000 |  0.000 || m_up2.1.res.1.running_var
 | -0.000 | -0.027 |  0.027 |  0.006 || m_up2.1.res.3.weight
 |  0.000 |  0.000 |  0.000 |  0.000 || m_up2.1.res.3.bias
 | -0.000 | -0.026 |  0.025 |  0.006 || m_up2.2.res.0.weight
 |  0.000 |  0.000 |  0.000 |  0.000 || m_up2.2.res.0.bias
 |  0.544 |  0.101 |  0.995 |  0.249 || m_up2.2.res.1.weight
 |  0.000 |  0.000 |  0.000 |  0.000 || m_up2.2.res.1.bias
 |  0.000 |  0.000 |  0.000 |  0.000 || m_up2.2.res.1.running_mean
 |  1.000 |  1.000 |  1.000 |  0.000 || m_up2.2.res.1.running_var
 |  0.000 | -0.026 |  0.025 |  0.006 || m_up2.2.res.3.weight
 |  0.000 |  0.000 |  0.000 |  0.000 || m_up2.2.res.3.bias
 |  0.000 | -0.027 |  0.025 |  0.006 || m_up2.3.res.0.weight
 |  0.000 |  0.000 |  0.000 |  0.000 || m_up2.3.res.0.bias
 |  0.547 |  0.110 |  0.985 |  0.264 || m_up2.3.res.1.weight
 |  0.000 |  0.000 |  0.000 |  0.000 || m_up2.3.res.1.bias
 |  0.000 |  0.000 |  0.000 |  0.000 || m_up2.3.res.1.running_mean
 |  1.000 |  1.000 |  1.000 |  0.000 || m_up2.3.res.1.running_var
 |  0.000 | -0.029 |  0.027 |  0.006 || m_up2.3.res.3.weight
 |  0.000 |  0.000 |  0.000 |  0.000 || m_up2.3.res.3.bias
 |  0.000 | -0.027 |  0.026 |  0.006 || m_up2.4.res.0.weight
 |  0.000 |  0.000 |  0.000 |  0.000 || m_up2.4.res.0.bias
 |  0.525 |  0.106 |  0.962 |  0.248 || m_up2.4.res.1.weight
 |  0.000 |  0.000 |  0.000 |  0.000 || m_up2.4.res.1.bias
 |  0.000 |  0.000 |  0.000 |  0.000 || m_up2.4.res.1.running_mean
 |  1.000 |  1.000 |  1.000 |  0.000 || m_up2.4.res.1.running_var
 |  0.000 | -0.028 |  0.024 |  0.006 || m_up2.4.res.3.weight
 |  0.000 |  0.000 |  0.000 |  0.000 || m_up2.4.res.3.bias
 | -0.000 | -0.056 |  0.046 |  0.013 || m_up1.0.weight
 |  0.000 |  0.000 |  0.000 |  0.000 || m_up1.0.bias
 | -0.000 | -0.035 |  0.039 |  0.008 || m_up1.1.res.0.weight
 |  0.000 |  0.000 |  0.000 |  0.000 || m_up1.1.res.0.bias
 |  0.576 |  0.117 |  0.993 |  0.258 || m_up1.1.res.1.weight
 |  0.000 |  0.000 |  0.000 |  0.000 || m_up1.1.res.1.bias
 |  0.000 |  0.000 |  0.000 |  0.000 || m_up1.1.res.1.running_mean
 |  1.000 |  1.000 |  1.000 |  0.000 || m_up1.1.res.1.running_var
 |  0.000 | -0.036 |  0.033 |  0.008 || m_up1.1.res.3.weight
 |  0.000 |  0.000 |  0.000 |  0.000 || m_up1.1.res.3.bias
 |  0.000 | -0.034 |  0.034 |  0.008 || m_up1.2.res.0.weight
 |  0.000 |  0.000 |  0.000 |  0.000 || m_up1.2.res.0.bias
 |  0.592 |  0.120 |  0.996 |  0.281 || m_up1.2.res.1.weight
 |  0.000 |  0.000 |  0.000 |  0.000 || m_up1.2.res.1.bias
 |  0.000 |  0.000 |  0.000 |  0.000 || m_up1.2.res.1.running_mean
 |  1.000 |  1.000 |  1.000 |  0.000 || m_up1.2.res.1.running_var
 |  0.000 | -0.034 |  0.035 |  0.008 || m_up1.2.res.3.weight
 |  0.000 |  0.000 |  0.000 |  0.000 || m_up1.2.res.3.bias
 |  0.000 | -0.035 |  0.033 |  0.008 || m_up1.3.res.0.weight
 |  0.000 |  0.000 |  0.000 |  0.000 || m_up1.3.res.0.bias
 |  0.528 |  0.107 |  0.988 |  0.242 || m_up1.3.res.1.weight
 |  0.000 |  0.000 |  0.000 |  0.000 || m_up1.3.res.1.bias
 |  0.000 |  0.000 |  0.000 |  0.000 || m_up1.3.res.1.running_mean
 |  1.000 |  1.000 |  1.000 |  0.000 || m_up1.3.res.1.running_var
 |  0.000 | -0.036 |  0.035 |  0.008 || m_up1.3.res.3.weight
 |  0.000 |  0.000 |  0.000 |  0.000 || m_up1.3.res.3.bias
 | -0.000 | -0.037 |  0.033 |  0.008 || m_up1.4.res.0.weight
 |  0.000 |  0.000 |  0.000 |  0.000 || m_up1.4.res.0.bias
 |  0.513 |  0.114 |  0.993 |  0.259 || m_up1.4.res.1.weight
 |  0.000 |  0.000 |  0.000 |  0.000 || m_up1.4.res.1.bias
 |  0.000 |  0.000 |  0.000 |  0.000 || m_up1.4.res.1.running_mean
 |  1.000 |  1.000 |  1.000 |  0.000 || m_up1.4.res.1.running_var
 |  0.000 | -0.034 |  0.033 |  0.008 || m_up1.4.res.3.weight
 |  0.000 |  0.000 |  0.000 |  0.000 || m_up1.4.res.3.bias
 | -0.000 | -0.025 |  0.023 |  0.008 || m_tail.weight
 |  0.000 |  0.000 |  0.000 |    nan || m_tail.bias
 | -0.000 | -0.015 |  0.015 |  0.003 || qf_pred.0.res.0.weight
 |  0.000 |  0.000 |  0.000 |  0.000 || qf_pred.0.res.0.bias
 |  0.527 |  0.101 |  0.997 |  0.259 || qf_pred.0.res.1.weight
 |  0.000 |  0.000 |  0.000 |  0.000 || qf_pred.0.res.1.bias
 |  0.000 |  0.000 |  0.000 |  0.000 || qf_pred.0.res.1.running_mean
 |  1.000 |  1.000 |  1.000 |  0.000 || qf_pred.0.res.1.running_var
 | -0.000 | -0.015 |  0.015 |  0.003 || qf_pred.0.res.3.weight
 |  0.000 |  0.000 |  0.000 |  0.000 || qf_pred.0.res.3.bias
 | -0.000 | -0.015 |  0.015 |  0.003 || qf_pred.1.res.0.weight
 |  0.000 |  0.000 |  0.000 |  0.000 || qf_pred.1.res.0.bias
 |  0.538 |  0.100 |  0.999 |  0.262 || qf_pred.1.res.1.weight
 |  0.000 |  0.000 |  0.000 |  0.000 || qf_pred.1.res.1.bias
 |  0.000 |  0.000 |  0.000 |  0.000 || qf_pred.1.res.1.running_mean
 |  1.000 |  1.000 |  1.000 |  0.000 || qf_pred.1.res.1.running_var
 | -0.000 | -0.014 |  0.016 |  0.003 || qf_pred.1.res.3.weight
 |  0.000 |  0.000 |  0.000 |  0.000 || qf_pred.1.res.3.bias
 |  0.000 | -0.015 |  0.014 |  0.003 || qf_pred.2.res.0.weight
 |  0.000 |  0.000 |  0.000 |  0.000 || qf_pred.2.res.0.bias
 |  0.542 |  0.103 |  0.998 |  0.266 || qf_pred.2.res.1.weight
 |  0.000 |  0.000 |  0.000 |  0.000 || qf_pred.2.res.1.bias
 |  0.000 |  0.000 |  0.000 |  0.000 || qf_pred.2.res.1.running_mean
 |  1.000 |  1.000 |  1.000 |  0.000 || qf_pred.2.res.1.running_var
 |  0.000 | -0.014 |  0.015 |  0.003 || qf_pred.2.res.3.weight
 |  0.000 |  0.000 |  0.000 |  0.000 || qf_pred.2.res.3.bias
 |  0.000 | -0.014 |  0.015 |  0.003 || qf_pred.3.res.0.weight
 |  0.000 |  0.000 |  0.000 |  0.000 || qf_pred.3.res.0.bias
 |  0.548 |  0.104 |  0.993 |  0.254 || qf_pred.3.res.1.weight
 |  0.000 |  0.000 |  0.000 |  0.000 || qf_pred.3.res.1.bias
 |  0.000 |  0.000 |  0.000 |  0.000 || qf_pred.3.res.1.running_mean
 |  1.000 |  1.000 |  1.000 |  0.000 || qf_pred.3.res.1.running_var
 | -0.000 | -0.015 |  0.014 |  0.003 || qf_pred.3.res.3.weight
 |  0.000 |  0.000 |  0.000 |  0.000 || qf_pred.3.res.3.bias
 | -0.000 | -0.041 |  0.037 |  0.009 || qf_pred.6.weight
 |  0.000 |  0.000 |  0.000 |  0.000 || qf_pred.6.bias
 |  0.000 | -0.038 |  0.041 |  0.009 || qf_pred.8.weight
 |  0.000 |  0.000 |  0.000 |  0.000 || qf_pred.8.bias
 |  0.000 | -0.033 |  0.027 |  0.009 || qf_pred.10.weight
 |  0.000 |  0.000 |  0.000 |    nan || qf_pred.10.bias
 | -0.000 | -0.028 |  0.027 |  0.009 || qf_embed.0.weight
 |  0.000 |  0.000 |  0.000 |  0.000 || qf_embed.0.bias
 | -0.000 | -0.040 |  0.037 |  0.009 || qf_embed.2.weight
 |  0.000 |  0.000 |  0.000 |  0.000 || qf_embed.2.bias
 |  0.000 | -0.044 |  0.039 |  0.009 || qf_embed.4.weight
 |  0.000 |  0.000 |  0.000 |  0.000 || qf_embed.4.bias
 |  0.000 | -0.041 |  0.040 |  0.009 || to_gamma_3.0.weight
 |  0.000 |  0.000 |  0.000 |  0.000 || to_gamma_3.0.bias
 |  0.000 | -0.038 |  0.037 |  0.009 || to_beta_3.0.weight
 |  0.000 |  0.000 |  0.000 |  0.000 || to_beta_3.0.bias
 |  0.000 | -0.037 |  0.038 |  0.009 || to_gamma_2.0.weight
 |  0.000 |  0.000 |  0.000 |  0.000 || to_gamma_2.0.bias
 | -0.000 | -0.035 |  0.039 |  0.009 || to_beta_2.0.weight
 |  0.000 |  0.000 |  0.000 |  0.000 || to_beta_2.0.bias
 |  0.000 | -0.035 |  0.035 |  0.009 || to_gamma_1.0.weight
 |  0.000 |  0.000 |  0.000 |  0.000 || to_gamma_1.0.bias
 | -0.000 | -0.034 |  0.036 |  0.009 || to_beta_1.0.weight
 |  0.000 |  0.000 |  0.000 |  0.000 || to_beta_1.0.bias

24-11-19 01:56:50.540 : <epoch: 83, iter:     500, lr:2.000e-05> G_loss: 2.650e-02 QF_loss: 1.952e-04 
24-11-19 04:19:13.589 : <epoch:166, iter:   1,000, lr:2.000e-05> G_loss: 2.058e-02 QF_loss: 1.904e-04 
24-11-19 05:16:11.972 : Saving the final model.
24-11-19 05:16:12.519 : End of training.
24-11-19 12:07:50.671 :   task: FBCNN-Gray-DoubleJPEG
  model: fbcnn
  gpu_ids: [0, 1]
  n_channels: 3
  merge_bn: False
  merge_bn_startpoint: 40000000
  path:[
    root: deblocking
    pretrained_netG: None
    task: deblocking\FBCNN-Gray-DoubleJPEG
    log: deblocking\FBCNN-Gray-DoubleJPEG
    options: deblocking\FBCNN-Gray-DoubleJPEG\options
    models: deblocking\FBCNN-Gray-DoubleJPEG\models
    images: deblocking\FBCNN-Gray-DoubleJPEG\images
  ]
  datasets:[
    train:[
      name: train_dataset
      dataset_type: jpeggraydouble
      dataroot_H: C:/Users/hathi/Desktop/FBCNN-main/trainsets/Data_DIV2K_Flickr2K
      dataroot_L: None
      H_size: 96
      dataloader_shuffle: True
      dataloader_num_workers: 16
      dataloader_batch_size: 128
      phase: train
      scale: 1
      n_channels: 3
    ]
    test:[
      name: test_dataset
      dataset_type: jpeg
      dataroot_H: C:/Users/hathi/Desktop/FBCNN-main/testsets/Classic5/origin
      dataroot_L: C:/Users/hathi/Desktop/FBCNN-main/testsets/Classic5/single/10
      phase: test
      scale: 1
      n_channels: 3
    ]
  ]
  netG:[
    net_type: fbcnn
    in_nc: 1
    out_nc: 1
    nc: [64, 128, 256, 512]
    nb: 4
    act_mode: BR
    upsample_mode: convtranspose
    downsample_mode: strideconv
    init_type: orthogonal
    init_bn_type: uniform
    init_gain: 0.2
    scale: 1
  ]
  train:[
    G_lossfn_type: l1
    G_lossfn_weight: 1.0
    QF_lossfn_type: l1
    QF_lossfn_weight: 0.001
    G_optimizer_type: adam
    G_optimizer_lr: 2e-05
    G_optimizer_clipgrad: None
    G_scheduler_type: MultiStepLR
    G_scheduler_milestones: [200000, 400000, 1200000, 1600000, 1800000]
    G_scheduler_gamma: 0.5
    G_regularizer_orthstep: None
    G_regularizer_clipstep: None
    checkpoint_test: 2500
    checkpoint_save: 5000
    checkpoint_print: 500
  ]
  opt_path: options/train_fbcnn_graydouble.json
  is_train: True
  scale: 1

24-11-19 12:07:50.683 : Random seed: 2782
24-11-19 12:07:50.717 : Number of train images: 801, iters: 7
24-11-19 12:07:52.082 : 
Networks name: FBCNN
Params number: 71938946
Net structure:
FBCNN(
  (m_head): Conv2d(1, 64, kernel_size=(3, 3), stride=(1, 1), padding=(1, 1))
  (m_down1): Sequential(
    (0): ResBlock(
      (res): Sequential(
        (0): Conv2d(64, 64, kernel_size=(3, 3), stride=(1, 1), padding=(1, 1))
        (1): BatchNorm2d(64, eps=0.0001, momentum=0.9, affine=True, track_running_stats=True)
        (2): ReLU(inplace=True)
        (3): Conv2d(64, 64, kernel_size=(3, 3), stride=(1, 1), padding=(1, 1))
      )
    )
    (1): ResBlock(
      (res): Sequential(
        (0): Conv2d(64, 64, kernel_size=(3, 3), stride=(1, 1), padding=(1, 1))
        (1): BatchNorm2d(64, eps=0.0001, momentum=0.9, affine=True, track_running_stats=True)
        (2): ReLU(inplace=True)
        (3): Conv2d(64, 64, kernel_size=(3, 3), stride=(1, 1), padding=(1, 1))
      )
    )
    (2): ResBlock(
      (res): Sequential(
        (0): Conv2d(64, 64, kernel_size=(3, 3), stride=(1, 1), padding=(1, 1))
        (1): BatchNorm2d(64, eps=0.0001, momentum=0.9, affine=True, track_running_stats=True)
        (2): ReLU(inplace=True)
        (3): Conv2d(64, 64, kernel_size=(3, 3), stride=(1, 1), padding=(1, 1))
      )
    )
    (3): ResBlock(
      (res): Sequential(
        (0): Conv2d(64, 64, kernel_size=(3, 3), stride=(1, 1), padding=(1, 1))
        (1): BatchNorm2d(64, eps=0.0001, momentum=0.9, affine=True, track_running_stats=True)
        (2): ReLU(inplace=True)
        (3): Conv2d(64, 64, kernel_size=(3, 3), stride=(1, 1), padding=(1, 1))
      )
    )
    (4): Conv2d(64, 128, kernel_size=(2, 2), stride=(2, 2))
  )
  (m_down2): Sequential(
    (0): ResBlock(
      (res): Sequential(
        (0): Conv2d(128, 128, kernel_size=(3, 3), stride=(1, 1), padding=(1, 1))
        (1): BatchNorm2d(128, eps=0.0001, momentum=0.9, affine=True, track_running_stats=True)
        (2): ReLU(inplace=True)
        (3): Conv2d(128, 128, kernel_size=(3, 3), stride=(1, 1), padding=(1, 1))
      )
    )
    (1): ResBlock(
      (res): Sequential(
        (0): Conv2d(128, 128, kernel_size=(3, 3), stride=(1, 1), padding=(1, 1))
        (1): BatchNorm2d(128, eps=0.0001, momentum=0.9, affine=True, track_running_stats=True)
        (2): ReLU(inplace=True)
        (3): Conv2d(128, 128, kernel_size=(3, 3), stride=(1, 1), padding=(1, 1))
      )
    )
    (2): ResBlock(
      (res): Sequential(
        (0): Conv2d(128, 128, kernel_size=(3, 3), stride=(1, 1), padding=(1, 1))
        (1): BatchNorm2d(128, eps=0.0001, momentum=0.9, affine=True, track_running_stats=True)
        (2): ReLU(inplace=True)
        (3): Conv2d(128, 128, kernel_size=(3, 3), stride=(1, 1), padding=(1, 1))
      )
    )
    (3): ResBlock(
      (res): Sequential(
        (0): Conv2d(128, 128, kernel_size=(3, 3), stride=(1, 1), padding=(1, 1))
        (1): BatchNorm2d(128, eps=0.0001, momentum=0.9, affine=True, track_running_stats=True)
        (2): ReLU(inplace=True)
        (3): Conv2d(128, 128, kernel_size=(3, 3), stride=(1, 1), padding=(1, 1))
      )
    )
    (4): Conv2d(128, 256, kernel_size=(2, 2), stride=(2, 2))
  )
  (m_down3): Sequential(
    (0): ResBlock(
      (res): Sequential(
        (0): Conv2d(256, 256, kernel_size=(3, 3), stride=(1, 1), padding=(1, 1))
        (1): BatchNorm2d(256, eps=0.0001, momentum=0.9, affine=True, track_running_stats=True)
        (2): ReLU(inplace=True)
        (3): Conv2d(256, 256, kernel_size=(3, 3), stride=(1, 1), padding=(1, 1))
      )
    )
    (1): ResBlock(
      (res): Sequential(
        (0): Conv2d(256, 256, kernel_size=(3, 3), stride=(1, 1), padding=(1, 1))
        (1): BatchNorm2d(256, eps=0.0001, momentum=0.9, affine=True, track_running_stats=True)
        (2): ReLU(inplace=True)
        (3): Conv2d(256, 256, kernel_size=(3, 3), stride=(1, 1), padding=(1, 1))
      )
    )
    (2): ResBlock(
      (res): Sequential(
        (0): Conv2d(256, 256, kernel_size=(3, 3), stride=(1, 1), padding=(1, 1))
        (1): BatchNorm2d(256, eps=0.0001, momentum=0.9, affine=True, track_running_stats=True)
        (2): ReLU(inplace=True)
        (3): Conv2d(256, 256, kernel_size=(3, 3), stride=(1, 1), padding=(1, 1))
      )
    )
    (3): ResBlock(
      (res): Sequential(
        (0): Conv2d(256, 256, kernel_size=(3, 3), stride=(1, 1), padding=(1, 1))
        (1): BatchNorm2d(256, eps=0.0001, momentum=0.9, affine=True, track_running_stats=True)
        (2): ReLU(inplace=True)
        (3): Conv2d(256, 256, kernel_size=(3, 3), stride=(1, 1), padding=(1, 1))
      )
    )
    (4): Conv2d(256, 512, kernel_size=(2, 2), stride=(2, 2))
  )
  (m_body_encoder): Sequential(
    (0): ResBlock(
      (res): Sequential(
        (0): Conv2d(512, 512, kernel_size=(3, 3), stride=(1, 1), padding=(1, 1))
        (1): BatchNorm2d(512, eps=0.0001, momentum=0.9, affine=True, track_running_stats=True)
        (2): ReLU(inplace=True)
        (3): Conv2d(512, 512, kernel_size=(3, 3), stride=(1, 1), padding=(1, 1))
      )
    )
    (1): ResBlock(
      (res): Sequential(
        (0): Conv2d(512, 512, kernel_size=(3, 3), stride=(1, 1), padding=(1, 1))
        (1): BatchNorm2d(512, eps=0.0001, momentum=0.9, affine=True, track_running_stats=True)
        (2): ReLU(inplace=True)
        (3): Conv2d(512, 512, kernel_size=(3, 3), stride=(1, 1), padding=(1, 1))
      )
    )
    (2): ResBlock(
      (res): Sequential(
        (0): Conv2d(512, 512, kernel_size=(3, 3), stride=(1, 1), padding=(1, 1))
        (1): BatchNorm2d(512, eps=0.0001, momentum=0.9, affine=True, track_running_stats=True)
        (2): ReLU(inplace=True)
        (3): Conv2d(512, 512, kernel_size=(3, 3), stride=(1, 1), padding=(1, 1))
      )
    )
    (3): ResBlock(
      (res): Sequential(
        (0): Conv2d(512, 512, kernel_size=(3, 3), stride=(1, 1), padding=(1, 1))
        (1): BatchNorm2d(512, eps=0.0001, momentum=0.9, affine=True, track_running_stats=True)
        (2): ReLU(inplace=True)
        (3): Conv2d(512, 512, kernel_size=(3, 3), stride=(1, 1), padding=(1, 1))
      )
    )
  )
  (m_body_decoder): Sequential(
    (0): ResBlock(
      (res): Sequential(
        (0): Conv2d(512, 512, kernel_size=(3, 3), stride=(1, 1), padding=(1, 1))
        (1): BatchNorm2d(512, eps=0.0001, momentum=0.9, affine=True, track_running_stats=True)
        (2): ReLU(inplace=True)
        (3): Conv2d(512, 512, kernel_size=(3, 3), stride=(1, 1), padding=(1, 1))
      )
    )
    (1): ResBlock(
      (res): Sequential(
        (0): Conv2d(512, 512, kernel_size=(3, 3), stride=(1, 1), padding=(1, 1))
        (1): BatchNorm2d(512, eps=0.0001, momentum=0.9, affine=True, track_running_stats=True)
        (2): ReLU(inplace=True)
        (3): Conv2d(512, 512, kernel_size=(3, 3), stride=(1, 1), padding=(1, 1))
      )
    )
    (2): ResBlock(
      (res): Sequential(
        (0): Conv2d(512, 512, kernel_size=(3, 3), stride=(1, 1), padding=(1, 1))
        (1): BatchNorm2d(512, eps=0.0001, momentum=0.9, affine=True, track_running_stats=True)
        (2): ReLU(inplace=True)
        (3): Conv2d(512, 512, kernel_size=(3, 3), stride=(1, 1), padding=(1, 1))
      )
    )
    (3): ResBlock(
      (res): Sequential(
        (0): Conv2d(512, 512, kernel_size=(3, 3), stride=(1, 1), padding=(1, 1))
        (1): BatchNorm2d(512, eps=0.0001, momentum=0.9, affine=True, track_running_stats=True)
        (2): ReLU(inplace=True)
        (3): Conv2d(512, 512, kernel_size=(3, 3), stride=(1, 1), padding=(1, 1))
      )
    )
  )
  (m_up3): ModuleList(
    (0): ConvTranspose2d(512, 256, kernel_size=(2, 2), stride=(2, 2))
    (1-4): 4 x QFAttention(
      (res): Sequential(
        (0): Conv2d(256, 256, kernel_size=(3, 3), stride=(1, 1), padding=(1, 1))
        (1): BatchNorm2d(256, eps=0.0001, momentum=0.9, affine=True, track_running_stats=True)
        (2): ReLU(inplace=True)
        (3): Conv2d(256, 256, kernel_size=(3, 3), stride=(1, 1), padding=(1, 1))
      )
    )
  )
  (m_up2): ModuleList(
    (0): ConvTranspose2d(256, 128, kernel_size=(2, 2), stride=(2, 2))
    (1-4): 4 x QFAttention(
      (res): Sequential(
        (0): Conv2d(128, 128, kernel_size=(3, 3), stride=(1, 1), padding=(1, 1))
        (1): BatchNorm2d(128, eps=0.0001, momentum=0.9, affine=True, track_running_stats=True)
        (2): ReLU(inplace=True)
        (3): Conv2d(128, 128, kernel_size=(3, 3), stride=(1, 1), padding=(1, 1))
      )
    )
  )
  (m_up1): ModuleList(
    (0): ConvTranspose2d(128, 64, kernel_size=(2, 2), stride=(2, 2))
    (1-4): 4 x QFAttention(
      (res): Sequential(
        (0): Conv2d(64, 64, kernel_size=(3, 3), stride=(1, 1), padding=(1, 1))
        (1): BatchNorm2d(64, eps=0.0001, momentum=0.9, affine=True, track_running_stats=True)
        (2): ReLU(inplace=True)
        (3): Conv2d(64, 64, kernel_size=(3, 3), stride=(1, 1), padding=(1, 1))
      )
    )
  )
  (m_tail): Conv2d(64, 1, kernel_size=(3, 3), stride=(1, 1), padding=(1, 1))
  (qf_pred): Sequential(
    (0): ResBlock(
      (res): Sequential(
        (0): Conv2d(512, 512, kernel_size=(3, 3), stride=(1, 1), padding=(1, 1))
        (1): BatchNorm2d(512, eps=0.0001, momentum=0.9, affine=True, track_running_stats=True)
        (2): ReLU(inplace=True)
        (3): Conv2d(512, 512, kernel_size=(3, 3), stride=(1, 1), padding=(1, 1))
      )
    )
    (1): ResBlock(
      (res): Sequential(
        (0): Conv2d(512, 512, kernel_size=(3, 3), stride=(1, 1), padding=(1, 1))
        (1): BatchNorm2d(512, eps=0.0001, momentum=0.9, affine=True, track_running_stats=True)
        (2): ReLU(inplace=True)
        (3): Conv2d(512, 512, kernel_size=(3, 3), stride=(1, 1), padding=(1, 1))
      )
    )
    (2): ResBlock(
      (res): Sequential(
        (0): Conv2d(512, 512, kernel_size=(3, 3), stride=(1, 1), padding=(1, 1))
        (1): BatchNorm2d(512, eps=0.0001, momentum=0.9, affine=True, track_running_stats=True)
        (2): ReLU(inplace=True)
        (3): Conv2d(512, 512, kernel_size=(3, 3), stride=(1, 1), padding=(1, 1))
      )
    )
    (3): ResBlock(
      (res): Sequential(
        (0): Conv2d(512, 512, kernel_size=(3, 3), stride=(1, 1), padding=(1, 1))
        (1): BatchNorm2d(512, eps=0.0001, momentum=0.9, affine=True, track_running_stats=True)
        (2): ReLU(inplace=True)
        (3): Conv2d(512, 512, kernel_size=(3, 3), stride=(1, 1), padding=(1, 1))
      )
    )
    (4): AdaptiveAvgPool2d(output_size=(1, 1))
    (5): Flatten(start_dim=1, end_dim=-1)
    (6): Linear(in_features=512, out_features=512, bias=True)
    (7): ReLU()
    (8): Linear(in_features=512, out_features=512, bias=True)
    (9): ReLU()
    (10): Linear(in_features=512, out_features=1, bias=True)
    (11): Sigmoid()
  )
  (qf_embed): Sequential(
    (0): Linear(in_features=1, out_features=512, bias=True)
    (1): ReLU()
    (2): Linear(in_features=512, out_features=512, bias=True)
    (3): ReLU()
    (4): Linear(in_features=512, out_features=512, bias=True)
    (5): ReLU()
  )
  (to_gamma_3): Sequential(
    (0): Linear(in_features=512, out_features=256, bias=True)
    (1): Sigmoid()
  )
  (to_beta_3): Sequential(
    (0): Linear(in_features=512, out_features=256, bias=True)
    (1): Tanh()
  )
  (to_gamma_2): Sequential(
    (0): Linear(in_features=512, out_features=128, bias=True)
    (1): Sigmoid()
  )
  (to_beta_2): Sequential(
    (0): Linear(in_features=512, out_features=128, bias=True)
    (1): Tanh()
  )
  (to_gamma_1): Sequential(
    (0): Linear(in_features=512, out_features=64, bias=True)
    (1): Sigmoid()
  )
  (to_beta_1): Sequential(
    (0): Linear(in_features=512, out_features=64, bias=True)
    (1): Tanh()
  )
)

24-11-19 12:07:52.426 : 
 |  mean  |  min   |  max   |  std   || param_name          
 |  0.002 | -0.087 |  0.074 |  0.025 || m_head.weight
 |  0.000 |  0.000 |  0.000 |  0.000 || m_head.bias
 | -0.000 | -0.036 |  0.034 |  0.008 || m_down1.0.res.0.weight
 |  0.000 |  0.000 |  0.000 |  0.000 || m_down1.0.res.0.bias
 |  0.560 |  0.124 |  0.985 |  0.255 || m_down1.0.res.1.weight
 |  0.000 |  0.000 |  0.000 |  0.000 || m_down1.0.res.1.bias
 |  0.000 |  0.000 |  0.000 |  0.000 || m_down1.0.res.1.running_mean
 |  1.000 |  1.000 |  1.000 |  0.000 || m_down1.0.res.1.running_var
 |  0.000 | -0.034 |  0.033 |  0.008 || m_down1.0.res.3.weight
 |  0.000 |  0.000 |  0.000 |  0.000 || m_down1.0.res.3.bias
 |  0.000 | -0.036 |  0.037 |  0.008 || m_down1.1.res.0.weight
 |  0.000 |  0.000 |  0.000 |  0.000 || m_down1.1.res.0.bias
 |  0.485 |  0.100 |  0.974 |  0.262 || m_down1.1.res.1.weight
 |  0.000 |  0.000 |  0.000 |  0.000 || m_down1.1.res.1.bias
 |  0.000 |  0.000 |  0.000 |  0.000 || m_down1.1.res.1.running_mean
 |  1.000 |  1.000 |  1.000 |  0.000 || m_down1.1.res.1.running_var
 |  0.000 | -0.035 |  0.033 |  0.008 || m_down1.1.res.3.weight
 |  0.000 |  0.000 |  0.000 |  0.000 || m_down1.1.res.3.bias
 | -0.000 | -0.031 |  0.031 |  0.008 || m_down1.2.res.0.weight
 |  0.000 |  0.000 |  0.000 |  0.000 || m_down1.2.res.0.bias
 |  0.581 |  0.131 |  0.995 |  0.264 || m_down1.2.res.1.weight
 |  0.000 |  0.000 |  0.000 |  0.000 || m_down1.2.res.1.bias
 |  0.000 |  0.000 |  0.000 |  0.000 || m_down1.2.res.1.running_mean
 |  1.000 |  1.000 |  1.000 |  0.000 || m_down1.2.res.1.running_var
 | -0.000 | -0.034 |  0.032 |  0.008 || m_down1.2.res.3.weight
 |  0.000 |  0.000 |  0.000 |  0.000 || m_down1.2.res.3.bias
 | -0.000 | -0.034 |  0.044 |  0.008 || m_down1.3.res.0.weight
 |  0.000 |  0.000 |  0.000 |  0.000 || m_down1.3.res.0.bias
 |  0.520 |  0.105 |  0.998 |  0.267 || m_down1.3.res.1.weight
 |  0.000 |  0.000 |  0.000 |  0.000 || m_down1.3.res.1.bias
 |  0.000 |  0.000 |  0.000 |  0.000 || m_down1.3.res.1.running_mean
 |  1.000 |  1.000 |  1.000 |  0.000 || m_down1.3.res.1.running_var
 |  0.000 | -0.039 |  0.034 |  0.008 || m_down1.3.res.3.weight
 |  0.000 |  0.000 |  0.000 |  0.000 || m_down1.3.res.3.bias
 |  0.000 | -0.050 |  0.058 |  0.012 || m_down1.4.weight
 |  0.000 |  0.000 |  0.000 |  0.000 || m_down1.4.bias
 | -0.000 | -0.024 |  0.026 |  0.006 || m_down2.0.res.0.weight
 |  0.000 |  0.000 |  0.000 |  0.000 || m_down2.0.res.0.bias
 |  0.584 |  0.121 |  0.999 |  0.256 || m_down2.0.res.1.weight
 |  0.000 |  0.000 |  0.000 |  0.000 || m_down2.0.res.1.bias
 |  0.000 |  0.000 |  0.000 |  0.000 || m_down2.0.res.1.running_mean
 |  1.000 |  1.000 |  1.000 |  0.000 || m_down2.0.res.1.running_var
 |  0.000 | -0.026 |  0.025 |  0.006 || m_down2.0.res.3.weight
 |  0.000 |  0.000 |  0.000 |  0.000 || m_down2.0.res.3.bias
 | -0.000 | -0.024 |  0.027 |  0.006 || m_down2.1.res.0.weight
 |  0.000 |  0.000 |  0.000 |  0.000 || m_down2.1.res.0.bias
 |  0.574 |  0.107 |  0.997 |  0.275 || m_down2.1.res.1.weight
 |  0.000 |  0.000 |  0.000 |  0.000 || m_down2.1.res.1.bias
 |  0.000 |  0.000 |  0.000 |  0.000 || m_down2.1.res.1.running_mean
 |  1.000 |  1.000 |  1.000 |  0.000 || m_down2.1.res.1.running_var
 | -0.000 | -0.027 |  0.027 |  0.006 || m_down2.1.res.3.weight
 |  0.000 |  0.000 |  0.000 |  0.000 || m_down2.1.res.3.bias
 |  0.000 | -0.026 |  0.025 |  0.006 || m_down2.2.res.0.weight
 |  0.000 |  0.000 |  0.000 |  0.000 || m_down2.2.res.0.bias
 |  0.570 |  0.103 |  0.991 |  0.263 || m_down2.2.res.1.weight
 |  0.000 |  0.000 |  0.000 |  0.000 || m_down2.2.res.1.bias
 |  0.000 |  0.000 |  0.000 |  0.000 || m_down2.2.res.1.running_mean
 |  1.000 |  1.000 |  1.000 |  0.000 || m_down2.2.res.1.running_var
 | -0.000 | -0.025 |  0.031 |  0.006 || m_down2.2.res.3.weight
 |  0.000 |  0.000 |  0.000 |  0.000 || m_down2.2.res.3.bias
 |  0.000 | -0.026 |  0.025 |  0.006 || m_down2.3.res.0.weight
 |  0.000 |  0.000 |  0.000 |  0.000 || m_down2.3.res.0.bias
 |  0.552 |  0.106 |  0.992 |  0.254 || m_down2.3.res.1.weight
 |  0.000 |  0.000 |  0.000 |  0.000 || m_down2.3.res.1.bias
 |  0.000 |  0.000 |  0.000 |  0.000 || m_down2.3.res.1.running_mean
 |  1.000 |  1.000 |  1.000 |  0.000 || m_down2.3.res.1.running_var
 |  0.000 | -0.027 |  0.026 |  0.006 || m_down2.3.res.3.weight
 |  0.000 |  0.000 |  0.000 |  0.000 || m_down2.3.res.3.bias
 |  0.000 | -0.038 |  0.040 |  0.009 || m_down2.4.weight
 |  0.000 |  0.000 |  0.000 |  0.000 || m_down2.4.bias
 | -0.000 | -0.020 |  0.020 |  0.004 || m_down3.0.res.0.weight
 |  0.000 |  0.000 |  0.000 |  0.000 || m_down3.0.res.0.bias
 |  0.546 |  0.103 |  0.996 |  0.252 || m_down3.0.res.1.weight
 |  0.000 |  0.000 |  0.000 |  0.000 || m_down3.0.res.1.bias
 |  0.000 |  0.000 |  0.000 |  0.000 || m_down3.0.res.1.running_mean
 |  1.000 |  1.000 |  1.000 |  0.000 || m_down3.0.res.1.running_var
 | -0.000 | -0.019 |  0.019 |  0.004 || m_down3.0.res.3.weight
 |  0.000 |  0.000 |  0.000 |  0.000 || m_down3.0.res.3.bias
 | -0.000 | -0.019 |  0.019 |  0.004 || m_down3.1.res.0.weight
 |  0.000 |  0.000 |  0.000 |  0.000 || m_down3.1.res.0.bias
 |  0.529 |  0.100 |  0.997 |  0.257 || m_down3.1.res.1.weight
 |  0.000 |  0.000 |  0.000 |  0.000 || m_down3.1.res.1.bias
 |  0.000 |  0.000 |  0.000 |  0.000 || m_down3.1.res.1.running_mean
 |  1.000 |  1.000 |  1.000 |  0.000 || m_down3.1.res.1.running_var
 | -0.000 | -0.018 |  0.020 |  0.004 || m_down3.1.res.3.weight
 |  0.000 |  0.000 |  0.000 |  0.000 || m_down3.1.res.3.bias
 |  0.000 | -0.019 |  0.019 |  0.004 || m_down3.2.res.0.weight
 |  0.000 |  0.000 |  0.000 |  0.000 || m_down3.2.res.0.bias
 |  0.555 |  0.100 |  0.999 |  0.246 || m_down3.2.res.1.weight
 |  0.000 |  0.000 |  0.000 |  0.000 || m_down3.2.res.1.bias
 |  0.000 |  0.000 |  0.000 |  0.000 || m_down3.2.res.1.running_mean
 |  1.000 |  1.000 |  1.000 |  0.000 || m_down3.2.res.1.running_var
 | -0.000 | -0.019 |  0.020 |  0.004 || m_down3.2.res.3.weight
 |  0.000 |  0.000 |  0.000 |  0.000 || m_down3.2.res.3.bias
 | -0.000 | -0.018 |  0.019 |  0.004 || m_down3.3.res.0.weight
 |  0.000 |  0.000 |  0.000 |  0.000 || m_down3.3.res.0.bias
 |  0.547 |  0.100 |  0.996 |  0.278 || m_down3.3.res.1.weight
 |  0.000 |  0.000 |  0.000 |  0.000 || m_down3.3.res.1.bias
 |  0.000 |  0.000 |  0.000 |  0.000 || m_down3.3.res.1.running_mean
 |  1.000 |  1.000 |  1.000 |  0.000 || m_down3.3.res.1.running_var
 | -0.000 | -0.021 |  0.020 |  0.004 || m_down3.3.res.3.weight
 |  0.000 |  0.000 |  0.000 |  0.000 || m_down3.3.res.3.bias
 | -0.000 | -0.029 |  0.030 |  0.006 || m_down3.4.weight
 |  0.000 |  0.000 |  0.000 |  0.000 || m_down3.4.bias
 |  0.000 | -0.014 |  0.013 |  0.003 || m_body_encoder.0.res.0.weight
 |  0.000 |  0.000 |  0.000 |  0.000 || m_body_encoder.0.res.0.bias
 |  0.558 |  0.103 |  0.998 |  0.261 || m_body_encoder.0.res.1.weight
 |  0.000 |  0.000 |  0.000 |  0.000 || m_body_encoder.0.res.1.bias
 |  0.000 |  0.000 |  0.000 |  0.000 || m_body_encoder.0.res.1.running_mean
 |  1.000 |  1.000 |  1.000 |  0.000 || m_body_encoder.0.res.1.running_var
 |  0.000 | -0.015 |  0.014 |  0.003 || m_body_encoder.0.res.3.weight
 |  0.000 |  0.000 |  0.000 |  0.000 || m_body_encoder.0.res.3.bias
 | -0.000 | -0.014 |  0.014 |  0.003 || m_body_encoder.1.res.0.weight
 |  0.000 |  0.000 |  0.000 |  0.000 || m_body_encoder.1.res.0.bias
 |  0.543 |  0.101 |  1.000 |  0.270 || m_body_encoder.1.res.1.weight
 |  0.000 |  0.000 |  0.000 |  0.000 || m_body_encoder.1.res.1.bias
 |  0.000 |  0.000 |  0.000 |  0.000 || m_body_encoder.1.res.1.running_mean
 |  1.000 |  1.000 |  1.000 |  0.000 || m_body_encoder.1.res.1.running_var
 |  0.000 | -0.015 |  0.014 |  0.003 || m_body_encoder.1.res.3.weight
 |  0.000 |  0.000 |  0.000 |  0.000 || m_body_encoder.1.res.3.bias
 |  0.000 | -0.015 |  0.015 |  0.003 || m_body_encoder.2.res.0.weight
 |  0.000 |  0.000 |  0.000 |  0.000 || m_body_encoder.2.res.0.bias
 |  0.550 |  0.104 |  0.993 |  0.256 || m_body_encoder.2.res.1.weight
 |  0.000 |  0.000 |  0.000 |  0.000 || m_body_encoder.2.res.1.bias
 |  0.000 |  0.000 |  0.000 |  0.000 || m_body_encoder.2.res.1.running_mean
 |  1.000 |  1.000 |  1.000 |  0.000 || m_body_encoder.2.res.1.running_var
 | -0.000 | -0.016 |  0.015 |  0.003 || m_body_encoder.2.res.3.weight
 |  0.000 |  0.000 |  0.000 |  0.000 || m_body_encoder.2.res.3.bias
 | -0.000 | -0.014 |  0.015 |  0.003 || m_body_encoder.3.res.0.weight
 |  0.000 |  0.000 |  0.000 |  0.000 || m_body_encoder.3.res.0.bias
 |  0.565 |  0.102 |  0.996 |  0.257 || m_body_encoder.3.res.1.weight
 |  0.000 |  0.000 |  0.000 |  0.000 || m_body_encoder.3.res.1.bias
 |  0.000 |  0.000 |  0.000 |  0.000 || m_body_encoder.3.res.1.running_mean
 |  1.000 |  1.000 |  1.000 |  0.000 || m_body_encoder.3.res.1.running_var
 |  0.000 | -0.014 |  0.015 |  0.003 || m_body_encoder.3.res.3.weight
 |  0.000 |  0.000 |  0.000 |  0.000 || m_body_encoder.3.res.3.bias
 |  0.000 | -0.015 |  0.014 |  0.003 || m_body_decoder.0.res.0.weight
 |  0.000 |  0.000 |  0.000 |  0.000 || m_body_decoder.0.res.0.bias
 |  0.534 |  0.101 |  1.000 |  0.260 || m_body_decoder.0.res.1.weight
 |  0.000 |  0.000 |  0.000 |  0.000 || m_body_decoder.0.res.1.bias
 |  0.000 |  0.000 |  0.000 |  0.000 || m_body_decoder.0.res.1.running_mean
 |  1.000 |  1.000 |  1.000 |  0.000 || m_body_decoder.0.res.1.running_var
 | -0.000 | -0.015 |  0.016 |  0.003 || m_body_decoder.0.res.3.weight
 |  0.000 |  0.000 |  0.000 |  0.000 || m_body_decoder.0.res.3.bias
 |  0.000 | -0.014 |  0.014 |  0.003 || m_body_decoder.1.res.0.weight
 |  0.000 |  0.000 |  0.000 |  0.000 || m_body_decoder.1.res.0.bias
 |  0.557 |  0.101 |  0.999 |  0.256 || m_body_decoder.1.res.1.weight
 |  0.000 |  0.000 |  0.000 |  0.000 || m_body_decoder.1.res.1.bias
 |  0.000 |  0.000 |  0.000 |  0.000 || m_body_decoder.1.res.1.running_mean
 |  1.000 |  1.000 |  1.000 |  0.000 || m_body_decoder.1.res.1.running_var
 |  0.000 | -0.014 |  0.015 |  0.003 || m_body_decoder.1.res.3.weight
 |  0.000 |  0.000 |  0.000 |  0.000 || m_body_decoder.1.res.3.bias
 |  0.000 | -0.014 |  0.015 |  0.003 || m_body_decoder.2.res.0.weight
 |  0.000 |  0.000 |  0.000 |  0.000 || m_body_decoder.2.res.0.bias
 |  0.550 |  0.101 |  1.000 |  0.265 || m_body_decoder.2.res.1.weight
 |  0.000 |  0.000 |  0.000 |  0.000 || m_body_decoder.2.res.1.bias
 |  0.000 |  0.000 |  0.000 |  0.000 || m_body_decoder.2.res.1.running_mean
 |  1.000 |  1.000 |  1.000 |  0.000 || m_body_decoder.2.res.1.running_var
 |  0.000 | -0.015 |  0.014 |  0.003 || m_body_decoder.2.res.3.weight
 |  0.000 |  0.000 |  0.000 |  0.000 || m_body_decoder.2.res.3.bias
 | -0.000 | -0.014 |  0.015 |  0.003 || m_body_decoder.3.res.0.weight
 |  0.000 |  0.000 |  0.000 |  0.000 || m_body_decoder.3.res.0.bias
 |  0.555 |  0.102 |  0.999 |  0.259 || m_body_decoder.3.res.1.weight
 |  0.000 |  0.000 |  0.000 |  0.000 || m_body_decoder.3.res.1.bias
 |  0.000 |  0.000 |  0.000 |  0.000 || m_body_decoder.3.res.1.running_mean
 |  1.000 |  1.000 |  1.000 |  0.000 || m_body_decoder.3.res.1.running_var
 |  0.000 | -0.016 |  0.014 |  0.003 || m_body_decoder.3.res.3.weight
 |  0.000 |  0.000 |  0.000 |  0.000 || m_body_decoder.3.res.3.bias
 |  0.000 | -0.032 |  0.029 |  0.006 || m_up3.0.weight
 |  0.000 |  0.000 |  0.000 |  0.000 || m_up3.0.bias
 |  0.000 | -0.023 |  0.021 |  0.004 || m_up3.1.res.0.weight
 |  0.000 |  0.000 |  0.000 |  0.000 || m_up3.1.res.0.bias
 |  0.553 |  0.101 |  0.995 |  0.261 || m_up3.1.res.1.weight
 |  0.000 |  0.000 |  0.000 |  0.000 || m_up3.1.res.1.bias
 |  0.000 |  0.000 |  0.000 |  0.000 || m_up3.1.res.1.running_mean
 |  1.000 |  1.000 |  1.000 |  0.000 || m_up3.1.res.1.running_var
 | -0.000 | -0.020 |  0.020 |  0.004 || m_up3.1.res.3.weight
 |  0.000 |  0.000 |  0.000 |  0.000 || m_up3.1.res.3.bias
 | -0.000 | -0.020 |  0.019 |  0.004 || m_up3.2.res.0.weight
 |  0.000 |  0.000 |  0.000 |  0.000 || m_up3.2.res.0.bias
 |  0.541 |  0.105 |  0.994 |  0.261 || m_up3.2.res.1.weight
 |  0.000 |  0.000 |  0.000 |  0.000 || m_up3.2.res.1.bias
 |  0.000 |  0.000 |  0.000 |  0.000 || m_up3.2.res.1.running_mean
 |  1.000 |  1.000 |  1.000 |  0.000 || m_up3.2.res.1.running_var
 |  0.000 | -0.020 |  0.019 |  0.004 || m_up3.2.res.3.weight
 |  0.000 |  0.000 |  0.000 |  0.000 || m_up3.2.res.3.bias
 |  0.000 | -0.019 |  0.021 |  0.004 || m_up3.3.res.0.weight
 |  0.000 |  0.000 |  0.000 |  0.000 || m_up3.3.res.0.bias
 |  0.565 |  0.105 |  0.996 |  0.256 || m_up3.3.res.1.weight
 |  0.000 |  0.000 |  0.000 |  0.000 || m_up3.3.res.1.bias
 |  0.000 |  0.000 |  0.000 |  0.000 || m_up3.3.res.1.running_mean
 |  1.000 |  1.000 |  1.000 |  0.000 || m_up3.3.res.1.running_var
 |  0.000 | -0.020 |  0.019 |  0.004 || m_up3.3.res.3.weight
 |  0.000 |  0.000 |  0.000 |  0.000 || m_up3.3.res.3.bias
 |  0.000 | -0.019 |  0.022 |  0.004 || m_up3.4.res.0.weight
 |  0.000 |  0.000 |  0.000 |  0.000 || m_up3.4.res.0.bias
 |  0.561 |  0.101 |  1.000 |  0.262 || m_up3.4.res.1.weight
 |  0.000 |  0.000 |  0.000 |  0.000 || m_up3.4.res.1.bias
 |  0.000 |  0.000 |  0.000 |  0.000 || m_up3.4.res.1.running_mean
 |  1.000 |  1.000 |  1.000 |  0.000 || m_up3.4.res.1.running_var
 |  0.000 | -0.018 |  0.020 |  0.004 || m_up3.4.res.3.weight
 |  0.000 |  0.000 |  0.000 |  0.000 || m_up3.4.res.3.bias
 | -0.000 | -0.038 |  0.039 |  0.009 || m_up2.0.weight
 |  0.000 |  0.000 |  0.000 |  0.000 || m_up2.0.bias
 | -0.000 | -0.027 |  0.028 |  0.006 || m_up2.1.res.0.weight
 |  0.000 |  0.000 |  0.000 |  0.000 || m_up2.1.res.0.bias
 |  0.560 |  0.102 |  0.996 |  0.271 || m_up2.1.res.1.weight
 |  0.000 |  0.000 |  0.000 |  0.000 || m_up2.1.res.1.bias
 |  0.000 |  0.000 |  0.000 |  0.000 || m_up2.1.res.1.running_mean
 |  1.000 |  1.000 |  1.000 |  0.000 || m_up2.1.res.1.running_var
 | -0.000 | -0.027 |  0.027 |  0.006 || m_up2.1.res.3.weight
 |  0.000 |  0.000 |  0.000 |  0.000 || m_up2.1.res.3.bias
 | -0.000 | -0.027 |  0.027 |  0.006 || m_up2.2.res.0.weight
 |  0.000 |  0.000 |  0.000 |  0.000 || m_up2.2.res.0.bias
 |  0.568 |  0.103 |  0.991 |  0.248 || m_up2.2.res.1.weight
 |  0.000 |  0.000 |  0.000 |  0.000 || m_up2.2.res.1.bias
 |  0.000 |  0.000 |  0.000 |  0.000 || m_up2.2.res.1.running_mean
 |  1.000 |  1.000 |  1.000 |  0.000 || m_up2.2.res.1.running_var
 | -0.000 | -0.026 |  0.029 |  0.006 || m_up2.2.res.3.weight
 |  0.000 |  0.000 |  0.000 |  0.000 || m_up2.2.res.3.bias
 | -0.000 | -0.025 |  0.026 |  0.006 || m_up2.3.res.0.weight
 |  0.000 |  0.000 |  0.000 |  0.000 || m_up2.3.res.0.bias
 |  0.606 |  0.106 |  1.000 |  0.267 || m_up2.3.res.1.weight
 |  0.000 |  0.000 |  0.000 |  0.000 || m_up2.3.res.1.bias
 |  0.000 |  0.000 |  0.000 |  0.000 || m_up2.3.res.1.running_mean
 |  1.000 |  1.000 |  1.000 |  0.000 || m_up2.3.res.1.running_var
 |  0.000 | -0.026 |  0.025 |  0.006 || m_up2.3.res.3.weight
 |  0.000 |  0.000 |  0.000 |  0.000 || m_up2.3.res.3.bias
 |  0.000 | -0.025 |  0.025 |  0.006 || m_up2.4.res.0.weight
 |  0.000 |  0.000 |  0.000 |  0.000 || m_up2.4.res.0.bias
 |  0.542 |  0.101 |  0.993 |  0.279 || m_up2.4.res.1.weight
 |  0.000 |  0.000 |  0.000 |  0.000 || m_up2.4.res.1.bias
 |  0.000 |  0.000 |  0.000 |  0.000 || m_up2.4.res.1.running_mean
 |  1.000 |  1.000 |  1.000 |  0.000 || m_up2.4.res.1.running_var
 |  0.000 | -0.024 |  0.029 |  0.006 || m_up2.4.res.3.weight
 |  0.000 |  0.000 |  0.000 |  0.000 || m_up2.4.res.3.bias
 | -0.000 | -0.051 |  0.046 |  0.012 || m_up1.0.weight
 |  0.000 |  0.000 |  0.000 |  0.000 || m_up1.0.bias
 |  0.000 | -0.034 |  0.036 |  0.008 || m_up1.1.res.0.weight
 |  0.000 |  0.000 |  0.000 |  0.000 || m_up1.1.res.0.bias
 |  0.561 |  0.106 |  0.991 |  0.229 || m_up1.1.res.1.weight
 |  0.000 |  0.000 |  0.000 |  0.000 || m_up1.1.res.1.bias
 |  0.000 |  0.000 |  0.000 |  0.000 || m_up1.1.res.1.running_mean
 |  1.000 |  1.000 |  1.000 |  0.000 || m_up1.1.res.1.running_var
 | -0.000 | -0.035 |  0.032 |  0.008 || m_up1.1.res.3.weight
 |  0.000 |  0.000 |  0.000 |  0.000 || m_up1.1.res.3.bias
 | -0.000 | -0.035 |  0.036 |  0.008 || m_up1.2.res.0.weight
 |  0.000 |  0.000 |  0.000 |  0.000 || m_up1.2.res.0.bias
 |  0.569 |  0.137 |  0.971 |  0.248 || m_up1.2.res.1.weight
 |  0.000 |  0.000 |  0.000 |  0.000 || m_up1.2.res.1.bias
 |  0.000 |  0.000 |  0.000 |  0.000 || m_up1.2.res.1.running_mean
 |  1.000 |  1.000 |  1.000 |  0.000 || m_up1.2.res.1.running_var
 | -0.000 | -0.039 |  0.033 |  0.008 || m_up1.2.res.3.weight
 |  0.000 |  0.000 |  0.000 |  0.000 || m_up1.2.res.3.bias
 |  0.000 | -0.033 |  0.036 |  0.008 || m_up1.3.res.0.weight
 |  0.000 |  0.000 |  0.000 |  0.000 || m_up1.3.res.0.bias
 |  0.563 |  0.106 |  1.000 |  0.238 || m_up1.3.res.1.weight
 |  0.000 |  0.000 |  0.000 |  0.000 || m_up1.3.res.1.bias
 |  0.000 |  0.000 |  0.000 |  0.000 || m_up1.3.res.1.running_mean
 |  1.000 |  1.000 |  1.000 |  0.000 || m_up1.3.res.1.running_var
 |  0.000 | -0.033 |  0.032 |  0.008 || m_up1.3.res.3.weight
 |  0.000 |  0.000 |  0.000 |  0.000 || m_up1.3.res.3.bias
 | -0.000 | -0.033 |  0.032 |  0.008 || m_up1.4.res.0.weight
 |  0.000 |  0.000 |  0.000 |  0.000 || m_up1.4.res.0.bias
 |  0.552 |  0.120 |  0.994 |  0.233 || m_up1.4.res.1.weight
 |  0.000 |  0.000 |  0.000 |  0.000 || m_up1.4.res.1.bias
 |  0.000 |  0.000 |  0.000 |  0.000 || m_up1.4.res.1.running_mean
 |  1.000 |  1.000 |  1.000 |  0.000 || m_up1.4.res.1.running_var
 | -0.000 | -0.031 |  0.033 |  0.008 || m_up1.4.res.3.weight
 |  0.000 |  0.000 |  0.000 |  0.000 || m_up1.4.res.3.bias
 |  0.000 | -0.030 |  0.027 |  0.008 || m_tail.weight
 |  0.000 |  0.000 |  0.000 |    nan || m_tail.bias
 |  0.000 | -0.016 |  0.015 |  0.003 || qf_pred.0.res.0.weight
 |  0.000 |  0.000 |  0.000 |  0.000 || qf_pred.0.res.0.bias
 |  0.539 |  0.111 |  1.000 |  0.257 || qf_pred.0.res.1.weight
 |  0.000 |  0.000 |  0.000 |  0.000 || qf_pred.0.res.1.bias
 |  0.000 |  0.000 |  0.000 |  0.000 || qf_pred.0.res.1.running_mean
 |  1.000 |  1.000 |  1.000 |  0.000 || qf_pred.0.res.1.running_var
 | -0.000 | -0.015 |  0.015 |  0.003 || qf_pred.0.res.3.weight
 |  0.000 |  0.000 |  0.000 |  0.000 || qf_pred.0.res.3.bias
 | -0.000 | -0.015 |  0.016 |  0.003 || qf_pred.1.res.0.weight
 |  0.000 |  0.000 |  0.000 |  0.000 || qf_pred.1.res.0.bias
 |  0.540 |  0.100 |  0.993 |  0.260 || qf_pred.1.res.1.weight
 |  0.000 |  0.000 |  0.000 |  0.000 || qf_pred.1.res.1.bias
 |  0.000 |  0.000 |  0.000 |  0.000 || qf_pred.1.res.1.running_mean
 |  1.000 |  1.000 |  1.000 |  0.000 || qf_pred.1.res.1.running_var
 |  0.000 | -0.016 |  0.016 |  0.003 || qf_pred.1.res.3.weight
 |  0.000 |  0.000 |  0.000 |  0.000 || qf_pred.1.res.3.bias
 |  0.000 | -0.014 |  0.015 |  0.003 || qf_pred.2.res.0.weight
 |  0.000 |  0.000 |  0.000 |  0.000 || qf_pred.2.res.0.bias
 |  0.555 |  0.102 |  1.000 |  0.257 || qf_pred.2.res.1.weight
 |  0.000 |  0.000 |  0.000 |  0.000 || qf_pred.2.res.1.bias
 |  0.000 |  0.000 |  0.000 |  0.000 || qf_pred.2.res.1.running_mean
 |  1.000 |  1.000 |  1.000 |  0.000 || qf_pred.2.res.1.running_var
 | -0.000 | -0.015 |  0.015 |  0.003 || qf_pred.2.res.3.weight
 |  0.000 |  0.000 |  0.000 |  0.000 || qf_pred.2.res.3.bias
 |  0.000 | -0.014 |  0.015 |  0.003 || qf_pred.3.res.0.weight
 |  0.000 |  0.000 |  0.000 |  0.000 || qf_pred.3.res.0.bias
 |  0.552 |  0.101 |  0.997 |  0.261 || qf_pred.3.res.1.weight
 |  0.000 |  0.000 |  0.000 |  0.000 || qf_pred.3.res.1.bias
 |  0.000 |  0.000 |  0.000 |  0.000 || qf_pred.3.res.1.running_mean
 |  1.000 |  1.000 |  1.000 |  0.000 || qf_pred.3.res.1.running_var
 |  0.000 | -0.016 |  0.016 |  0.003 || qf_pred.3.res.3.weight
 |  0.000 |  0.000 |  0.000 |  0.000 || qf_pred.3.res.3.bias
 |  0.000 | -0.038 |  0.042 |  0.009 || qf_pred.6.weight
 |  0.000 |  0.000 |  0.000 |  0.000 || qf_pred.6.bias
 | -0.000 | -0.041 |  0.039 |  0.009 || qf_pred.8.weight
 |  0.000 |  0.000 |  0.000 |  0.000 || qf_pred.8.bias
 | -0.000 | -0.025 |  0.033 |  0.009 || qf_pred.10.weight
 |  0.000 |  0.000 |  0.000 |    nan || qf_pred.10.bias
 | -0.000 | -0.024 |  0.022 |  0.009 || qf_embed.0.weight
 |  0.000 |  0.000 |  0.000 |  0.000 || qf_embed.0.bias
 |  0.000 | -0.044 |  0.039 |  0.009 || qf_embed.2.weight
 |  0.000 |  0.000 |  0.000 |  0.000 || qf_embed.2.bias
 | -0.000 | -0.038 |  0.042 |  0.009 || qf_embed.4.weight
 |  0.000 |  0.000 |  0.000 |  0.000 || qf_embed.4.bias
 |  0.000 | -0.039 |  0.039 |  0.009 || to_gamma_3.0.weight
 |  0.000 |  0.000 |  0.000 |  0.000 || to_gamma_3.0.bias
 |  0.000 | -0.038 |  0.039 |  0.009 || to_beta_3.0.weight
 |  0.000 |  0.000 |  0.000 |  0.000 || to_beta_3.0.bias
 | -0.000 | -0.036 |  0.040 |  0.009 || to_gamma_2.0.weight
 |  0.000 |  0.000 |  0.000 |  0.000 || to_gamma_2.0.bias
 | -0.000 | -0.038 |  0.036 |  0.009 || to_beta_2.0.weight
 |  0.000 |  0.000 |  0.000 |  0.000 || to_beta_2.0.bias
 |  0.000 | -0.034 |  0.038 |  0.009 || to_gamma_1.0.weight
 |  0.000 |  0.000 |  0.000 |  0.000 || to_gamma_1.0.bias
 | -0.000 | -0.037 |  0.035 |  0.009 || to_beta_1.0.weight
 |  0.000 |  0.000 |  0.000 |  0.000 || to_beta_1.0.bias

24-11-19 12:57:55.103 : <epoch: 83, iter:     500, lr:2.000e-05> G_loss: 2.741e-02 QF_loss: nan 
24-11-19 13:47:25.972 : <epoch:166, iter:   1,000, lr:2.000e-05> G_loss: 3.305e-02 QF_loss: 1.816e-04 
24-11-19 14:07:12.280 : Saving the final model.
24-11-19 14:07:12.431 : End of training.
